[debug] [2022-12-12T22:14:23.721Z] ----------------------------------------------------------------------
[debug] [2022-12-12T22:14:23.723Z] Command:       C:\Program Files\nodejs\node.exe C:\Users\junse\OneDrive\Desktop\Web developer\Wellness-buddy yr2 work-study\project\Wellness-Budy\node_modules\firebase-tools\lib\bin\firebase.js serve --only functions
[debug] [2022-12-12T22:14:23.723Z] CLI Version:   11.16.1
[debug] [2022-12-12T22:14:23.723Z] Platform:      win32
[debug] [2022-12-12T22:14:23.723Z] Node Version:  v16.13.1
[debug] [2022-12-12T22:14:23.724Z] Time:          Mon Dec 12 2022 17:14:23 GMT-0500 (Eastern Standard Time)
[debug] [2022-12-12T22:14:23.724Z] ----------------------------------------------------------------------
[debug] 
[debug] [2022-12-12T22:14:23.803Z] > command requires scopes: ["email","openid","https://www.googleapis.com/auth/cloudplatformprojects.readonly","https://www.googleapis.com/auth/firebase","https://www.googleapis.com/auth/cloud-platform"]
[debug] [2022-12-12T22:14:23.803Z] > authorizing via signed-in user (firebase@radlab.zone)
[debug] [2022-12-12T22:14:23.803Z] [iam] checking project wellbeing-49fed for permissions ["firebase.projects.get"]
[debug] [2022-12-12T22:14:23.805Z] >>> [apiv2][query] POST https://cloudresourcemanager.googleapis.com/v1/projects/wellbeing-49fed:testIamPermissions [none]
[debug] [2022-12-12T22:14:23.805Z] >>> [apiv2][(partial)header] POST https://cloudresourcemanager.googleapis.com/v1/projects/wellbeing-49fed:testIamPermissions x-goog-quota-user=projects/wellbeing-49fed
[debug] [2022-12-12T22:14:23.805Z] >>> [apiv2][body] POST https://cloudresourcemanager.googleapis.com/v1/projects/wellbeing-49fed:testIamPermissions {"permissions":["firebase.projects.get"]}
[debug] [2022-12-12T22:14:24.237Z] <<< [apiv2][status] POST https://cloudresourcemanager.googleapis.com/v1/projects/wellbeing-49fed:testIamPermissions 200
[debug] [2022-12-12T22:14:24.237Z] <<< [apiv2][body] POST https://cloudresourcemanager.googleapis.com/v1/projects/wellbeing-49fed:testIamPermissions {"permissions":["firebase.projects.get"]}
[debug] [2022-12-12T22:14:24.238Z] >>> [apiv2][query] GET https://firebase.googleapis.com/v1beta1/projects/wellbeing-49fed [none]
[debug] [2022-12-12T22:14:24.644Z] <<< [apiv2][status] GET https://firebase.googleapis.com/v1beta1/projects/wellbeing-49fed 200
[debug] [2022-12-12T22:14:24.644Z] <<< [apiv2][body] GET https://firebase.googleapis.com/v1beta1/projects/wellbeing-49fed {"projectId":"wellbeing-49fed","projectNumber":"533478110043","displayName":"Wellbeing","name":"projects/wellbeing-49fed","resources":{"hostingSite":"wellbeing-49fed","storageBucket":"wellbeing-49fed.appspot.com","locationId":"us-central"},"state":"ACTIVE","etag":"1_423f821d-dc7e-4cd1-b6f8-5dc3e8d8e225"}
[info] +  functions: Using node@16 from host. {"metadata":{"emulator":{"name":"functions"},"message":"Using node@16 from host."}}
[debug] [2022-12-12T22:14:24.666Z] defaultcredentials: writing to file C:\Users\junse\AppData\Roaming\firebase\firebase_radlab_zone_application_default_credentials.json
[debug] [2022-12-12T22:14:24.667Z] Setting GAC to C:\Users\junse\AppData\Roaming\firebase\firebase_radlab_zone_application_default_credentials.json {"metadata":{"emulator":{"name":"functions"},"message":"Setting GAC to C:\\Users\\junse\\AppData\\Roaming\\firebase\\firebase_radlab_zone_application_default_credentials.json"}}
[debug] [2022-12-12T22:14:24.668Z] >>> [apiv2][query] GET https://firebase.googleapis.com/v1beta1/projects/wellbeing-49fed/adminSdkConfig [none]
[debug] [2022-12-12T22:14:25.053Z] <<< [apiv2][status] GET https://firebase.googleapis.com/v1beta1/projects/wellbeing-49fed/adminSdkConfig 200
[debug] [2022-12-12T22:14:25.053Z] <<< [apiv2][body] GET https://firebase.googleapis.com/v1beta1/projects/wellbeing-49fed/adminSdkConfig {"projectId":"wellbeing-49fed","storageBucket":"wellbeing-49fed.appspot.com","locationId":"us-central"}
[info] i  functions: Watching "C:\Users\junse\OneDrive\Desktop\Web developer\Wellness-buddy yr2 work-study\project\Wellness-Budy\functions" for Cloud Functions... {"metadata":{"emulator":{"name":"functions"},"message":"Watching \"C:\\Users\\junse\\OneDrive\\Desktop\\Web developer\\Wellness-buddy yr2 work-study\\project\\Wellness-Budy\\functions\" for Cloud Functions..."}}
[debug] [2022-12-12T22:14:25.067Z] Validating nodejs source
[warn] !  functions: package.json indicates an outdated version of firebase-functions. Please upgrade using npm install --save firebase-functions@latest in your functions directory. 
[debug] [2022-12-12T22:14:27.644Z] > [functions] package.json contents: {
  "name": "functions",
  "description": "Cloud Functions for Firebase",
  "type": "commonjs",
  "scripts": {
    "lint": "eslint .",
    "serve": "firebase emulators:start --only functions",
    "shell": "firebase functions:shell",
    "start": "npm run shell",
    "deploy": "firebase deploy --only functions",
    "logs": "firebase functions:log",
    "debug": "firebase serve --only functions"
  },
  "engines": {
    "node": "16"
  },
  "main": "index.js",
  "dependencies": {
    "cors": "^2.8.5",
    "firebase-admin": "^10.0.2",
    "firebase-functions": "^4.1.0",
    "nodemailer": "^6.8.0",
    "nodemon": "^2.0.20"
  },
  "devDependencies": {
    "eslint": "^8.9.0",
    "eslint-config-google": "^0.14.0",
    "firebase-functions-test": "^0.2.0"
  },
  "private": true,
  "emulators": {
    "hosting": {
      "port": "5004"
    }
  }
}
[debug] [2022-12-12T22:14:27.644Z] Building nodejs source
[debug] [2022-12-12T22:14:27.644Z] Analyzing nodejs backend spec
[debug] [2022-12-12T22:14:27.646Z] Could not find functions.yaml. Must use http discovery
[debug] [2022-12-12T22:14:27.851Z] Serving at port 9005

[debug] [2022-12-12T22:14:28.126Z] Got response from /__/functions.yaml {"endpoints":{"sendMail":{"platform":"gcfv1","availableMemoryMb":null,"timeoutSeconds":null,"minInstances":null,"maxInstances":null,"ingressSettings":null,"serviceAccountEmail":null,"vpc":null,"httpsTrigger":{},"entryPoint":"sendMail"},"requestMail":{"platform":"gcfv1","availableMemoryMb":null,"timeoutSeconds":null,"minInstances":null,"maxInstances":null,"ingressSettings":null,"serviceAccountEmail":null,"vpc":null,"scheduleTrigger":{"schedule":"every day 06:00","retryConfig":{"retryCount":null,"maxDoublings":null,"maxRetryDuration":null,"maxBackoffDuration":null,"minBackoffDuration":null},"timeZone":"America/Toronto"},"labels":{},"entryPoint":"requestMail"},"sendCheckIn":{"platform":"gcfv1","availableMemoryMb":null,"timeoutSeconds":null,"minInstances":null,"maxInstances":null,"ingressSettings":null,"serviceAccountEmail":null,"vpc":null,"scheduleTrigger":{"schedule":"every day 06:00","retryConfig":{"retryCount":null,"maxDoublings":null,"maxRetryDuration":null,"maxBackoffDuration":null,"minBackoffDuration":null},"timeZone":"America/Toronto"},"labels":{},"entryPoint":"sendCheckIn"},"resetCheckin":{"platform":"gcfv1","availableMemoryMb":null,"timeoutSeconds":null,"minInstances":null,"maxInstances":null,"ingressSettings":null,"serviceAccountEmail":null,"vpc":null,"scheduleTrigger":{"schedule":"every day 06:00","retryConfig":{"retryCount":null,"maxDoublings":null,"maxRetryDuration":null,"maxBackoffDuration":null,"minBackoffDuration":null},"timeZone":"America/Toronto"},"labels":{},"entryPoint":"resetCheckin"},"resetQuarterlyCheckin":{"platform":"gcfv1","availableMemoryMb":null,"timeoutSeconds":null,"minInstances":null,"maxInstances":null,"ingressSettings":null,"serviceAccountEmail":null,"vpc":null,"scheduleTrigger":{"schedule":"0 6 1 1,4,7,10 *","retryConfig":{"retryCount":null,"maxDoublings":null,"maxRetryDuration":null,"maxBackoffDuration":null,"minBackoffDuration":null},"timeZone":"America/Toronto"},"labels":{},"entryPoint":"resetQuarterlyCheckin"}},"specVersion":"v1alpha1","requiredAPIs":[{"api":"cloudscheduler.googleapis.com","reason":"Needed for scheduled functions."}]}
[debug] [2022-12-12T22:14:28.136Z] shutdown requested via /__/quitquitquit

[info] +  functions: Loaded functions definitions from source: sendMail, requestMail, sendCheckIn, resetCheckin, resetQuarterlyCheckin. {"metadata":{"emulator":{"name":"functions"},"message":"Loaded functions definitions from source: sendMail, requestMail, sendCheckIn, resetCheckin, resetQuarterlyCheckin."}}
[info] +  functions[us-central1-sendMail]: http function initialized (http://localhost:5000/wellbeing-49fed/us-central1/sendMail). {"metadata":{"emulator":{"name":"functions"},"message":"\u001b[1mhttp\u001b[22m function initialized (http://localhost:5000/wellbeing-49fed/us-central1/sendMail)."}}
[info] i  functions[us-central1-requestMail]: function ignored because the pubsub emulator does not exist or is not running. {"metadata":{"emulator":{"name":"functions"},"message":"function ignored because the pubsub emulator does not exist or is not running."}}
[info] i  functions[us-central1-sendCheckIn]: function ignored because the pubsub emulator does not exist or is not running. {"metadata":{"emulator":{"name":"functions"},"message":"function ignored because the pubsub emulator does not exist or is not running."}}
[info] i  functions[us-central1-resetCheckin]: function ignored because the pubsub emulator does not exist or is not running. {"metadata":{"emulator":{"name":"functions"},"message":"function ignored because the pubsub emulator does not exist or is not running."}}
[info] i  functions[us-central1-resetQuarterlyCheckin]: function ignored because the pubsub emulator does not exist or is not running. {"metadata":{"emulator":{"name":"functions"},"message":"function ignored because the pubsub emulator does not exist or is not running."}}
[debug] [2022-12-12T22:15:36.116Z] File C:\Users\junse\OneDrive\Desktop\Web developer\Wellness-buddy yr2 work-study\project\Wellness-Budy\functions\package.json changed, reloading triggers {"metadata":{"emulator":{"name":"functions"},"message":"File C:\\Users\\junse\\OneDrive\\Desktop\\Web developer\\Wellness-buddy yr2 work-study\\project\\Wellness-Budy\\functions\\package.json changed, reloading triggers"}}
[debug] [2022-12-12T22:15:37.118Z] Validating nodejs source
[warn] !  functions: package.json indicates an outdated version of firebase-functions. Please upgrade using npm install --save firebase-functions@latest in your functions directory. 
[debug] [2022-12-12T22:15:39.865Z] > [functions] package.json contents: {
  "name": "functions",
  "description": "Cloud Functions for Firebase",
  "type": "commonjs",
  "scripts": {
    "lint": "eslint .",
    "serve": "firebase emulators:start --only functions",
    "shell": "firebase functions:shell",
    "start": "npm run shell",
    "deploy": "firebase deploy --only functions",
    "logs": "firebase functions:log",
    "debug": "firebase serve --only functions"
  },
  "engines": {
    "node": "16"
  },
  "main": "index.js",
  "dependencies": {
    "cors": "^2.8.5",
    "firebase-admin": "^10.0.2",
    "firebase-functions": "^4.1.0",
    "nodemailer": "^6.8.0",
    "nodemon": "^2.0.20"
  },
  "devDependencies": {
    "eslint": "^8.9.0",
    "eslint-config-google": "^0.14.0",
    "firebase-functions-test": "^0.2.0"
  },
  "private": true
}
[debug] [2022-12-12T22:15:39.865Z] Building nodejs source
[debug] [2022-12-12T22:15:39.865Z] Analyzing nodejs backend spec
[debug] [2022-12-12T22:15:39.865Z] Could not find functions.yaml. Must use http discovery
[debug] [2022-12-12T22:15:39.885Z] File C:\Users\junse\OneDrive\Desktop\Web developer\Wellness-buddy yr2 work-study\project\Wellness-Budy\functions\package.json changed, reloading triggers {"metadata":{"emulator":{"name":"functions"},"message":"File C:\\Users\\junse\\OneDrive\\Desktop\\Web developer\\Wellness-buddy yr2 work-study\\project\\Wellness-Budy\\functions\\package.json changed, reloading triggers"}}
[debug] [2022-12-12T22:15:40.156Z] Serving at port 9005

[debug] [2022-12-12T22:15:40.488Z] Got response from /__/functions.yaml {"endpoints":{"sendMail":{"platform":"gcfv1","availableMemoryMb":null,"timeoutSeconds":null,"minInstances":null,"maxInstances":null,"ingressSettings":null,"serviceAccountEmail":null,"vpc":null,"httpsTrigger":{},"entryPoint":"sendMail"},"requestMail":{"platform":"gcfv1","availableMemoryMb":null,"timeoutSeconds":null,"minInstances":null,"maxInstances":null,"ingressSettings":null,"serviceAccountEmail":null,"vpc":null,"scheduleTrigger":{"schedule":"every day 06:00","retryConfig":{"retryCount":null,"maxDoublings":null,"maxRetryDuration":null,"maxBackoffDuration":null,"minBackoffDuration":null},"timeZone":"America/Toronto"},"labels":{},"entryPoint":"requestMail"},"sendCheckIn":{"platform":"gcfv1","availableMemoryMb":null,"timeoutSeconds":null,"minInstances":null,"maxInstances":null,"ingressSettings":null,"serviceAccountEmail":null,"vpc":null,"scheduleTrigger":{"schedule":"every day 06:00","retryConfig":{"retryCount":null,"maxDoublings":null,"maxRetryDuration":null,"maxBackoffDuration":null,"minBackoffDuration":null},"timeZone":"America/Toronto"},"labels":{},"entryPoint":"sendCheckIn"},"resetCheckin":{"platform":"gcfv1","availableMemoryMb":null,"timeoutSeconds":null,"minInstances":null,"maxInstances":null,"ingressSettings":null,"serviceAccountEmail":null,"vpc":null,"scheduleTrigger":{"schedule":"every day 06:00","retryConfig":{"retryCount":null,"maxDoublings":null,"maxRetryDuration":null,"maxBackoffDuration":null,"minBackoffDuration":null},"timeZone":"America/Toronto"},"labels":{},"entryPoint":"resetCheckin"},"resetQuarterlyCheckin":{"platform":"gcfv1","availableMemoryMb":null,"timeoutSeconds":null,"minInstances":null,"maxInstances":null,"ingressSettings":null,"serviceAccountEmail":null,"vpc":null,"scheduleTrigger":{"schedule":"0 6 1 1,4,7,10 *","retryConfig":{"retryCount":null,"maxDoublings":null,"maxRetryDuration":null,"maxBackoffDuration":null,"minBackoffDuration":null},"timeZone":"America/Toronto"},"labels":{},"entryPoint":"resetQuarterlyCheckin"}},"specVersion":"v1alpha1","requiredAPIs":[{"api":"cloudscheduler.googleapis.com","reason":"Needed for scheduled functions."}]}
[debug] [2022-12-12T22:15:40.890Z] Validating nodejs source
[warn] !  functions: package.json indicates an outdated version of firebase-functions. Please upgrade using npm install --save firebase-functions@latest in your functions directory. 
[debug] [2022-12-12T22:15:43.833Z] > [functions] package.json contents: {
  "name": "functions",
  "description": "Cloud Functions for Firebase",
  "type": "commonjs",
  "scripts": {
    "lint": "eslint .",
    "serve": "firebase emulators:start --only functions",
    "shell": "firebase functions:shell",
    "start": "npm run shell",
    "deploy": "firebase deploy --only functions",
    "logs": "firebase functions:log",
    "debug": "firebase serve --only functions"
  },
  "engines": {
    "node": "16"
  },
  "main": "index.js",
  "dependencies": {
    "cors": "^2.8.5",
    "firebase-admin": "^10.0.2",
    "firebase-functions": "^4.1.0",
    "nodemailer": "^6.8.0",
    "nodemon": "^2.0.20"
  },
  "devDependencies": {
    "eslint": "^8.9.0",
    "eslint-config-google": "^0.14.0",
    "firebase-functions-test": "^0.2.0"
  },
  "private": true
}
[debug] [2022-12-12T22:15:43.833Z] Building nodejs source
[debug] [2022-12-12T22:15:43.833Z] Analyzing nodejs backend spec
[debug] [2022-12-12T22:15:43.833Z] Could not find functions.yaml. Must use http discovery
[debug] [2022-12-12T22:15:44.031Z] Serving at port 9005

[debug] [2022-12-12T22:15:44.215Z] Got response from /__/functions.yaml {"endpoints":{"sendMail":{"platform":"gcfv1","availableMemoryMb":null,"timeoutSeconds":null,"minInstances":null,"maxInstances":null,"ingressSettings":null,"serviceAccountEmail":null,"vpc":null,"httpsTrigger":{},"entryPoint":"sendMail"},"requestMail":{"platform":"gcfv1","availableMemoryMb":null,"timeoutSeconds":null,"minInstances":null,"maxInstances":null,"ingressSettings":null,"serviceAccountEmail":null,"vpc":null,"scheduleTrigger":{"schedule":"every day 06:00","retryConfig":{"retryCount":null,"maxDoublings":null,"maxRetryDuration":null,"maxBackoffDuration":null,"minBackoffDuration":null},"timeZone":"America/Toronto"},"labels":{},"entryPoint":"requestMail"},"sendCheckIn":{"platform":"gcfv1","availableMemoryMb":null,"timeoutSeconds":null,"minInstances":null,"maxInstances":null,"ingressSettings":null,"serviceAccountEmail":null,"vpc":null,"scheduleTrigger":{"schedule":"every day 06:00","retryConfig":{"retryCount":null,"maxDoublings":null,"maxRetryDuration":null,"maxBackoffDuration":null,"minBackoffDuration":null},"timeZone":"America/Toronto"},"labels":{},"entryPoint":"sendCheckIn"},"resetCheckin":{"platform":"gcfv1","availableMemoryMb":null,"timeoutSeconds":null,"minInstances":null,"maxInstances":null,"ingressSettings":null,"serviceAccountEmail":null,"vpc":null,"scheduleTrigger":{"schedule":"every day 06:00","retryConfig":{"retryCount":null,"maxDoublings":null,"maxRetryDuration":null,"maxBackoffDuration":null,"minBackoffDuration":null},"timeZone":"America/Toronto"},"labels":{},"entryPoint":"resetCheckin"},"resetQuarterlyCheckin":{"platform":"gcfv1","availableMemoryMb":null,"timeoutSeconds":null,"minInstances":null,"maxInstances":null,"ingressSettings":null,"serviceAccountEmail":null,"vpc":null,"scheduleTrigger":{"schedule":"0 6 1 1,4,7,10 *","retryConfig":{"retryCount":null,"maxDoublings":null,"maxRetryDuration":null,"maxBackoffDuration":null,"minBackoffDuration":null},"timeZone":"America/Toronto"},"labels":{},"entryPoint":"resetQuarterlyCheckin"}},"specVersion":"v1alpha1","requiredAPIs":[{"api":"cloudscheduler.googleapis.com","reason":"Needed for scheduled functions."}]}
[debug] [2022-12-12T22:20:17.579Z] File C:\Users\junse\OneDrive\Desktop\Web developer\Wellness-buddy yr2 work-study\project\Wellness-Budy\functions\index.js changed, reloading triggers {"metadata":{"emulator":{"name":"functions"},"message":"File C:\\Users\\junse\\OneDrive\\Desktop\\Web developer\\Wellness-buddy yr2 work-study\\project\\Wellness-Budy\\functions\\index.js changed, reloading triggers"}}
[debug] [2022-12-12T22:20:18.587Z] Validating nodejs source
[warn] !  functions: package.json indicates an outdated version of firebase-functions. Please upgrade using npm install --save firebase-functions@latest in your functions directory. 
[debug] [2022-12-12T22:20:21.240Z] > [functions] package.json contents: {
  "name": "functions",
  "description": "Cloud Functions for Firebase",
  "type": "commonjs",
  "scripts": {
    "lint": "eslint .",
    "serve": "firebase emulators:start --only functions",
    "shell": "firebase functions:shell",
    "start": "npm run shell",
    "deploy": "firebase deploy --only functions",
    "logs": "firebase functions:log",
    "debug": "firebase serve --only functions"
  },
  "engines": {
    "node": "16"
  },
  "main": "index.js",
  "dependencies": {
    "cors": "^2.8.5",
    "firebase-admin": "^10.0.2",
    "firebase-functions": "^4.1.0",
    "nodemailer": "^6.8.0",
    "nodemon": "^2.0.20"
  },
  "devDependencies": {
    "eslint": "^8.9.0",
    "eslint-config-google": "^0.14.0",
    "firebase-functions-test": "^0.2.0"
  },
  "private": true
}
[debug] [2022-12-12T22:20:21.241Z] Building nodejs source
[debug] [2022-12-12T22:20:21.241Z] Analyzing nodejs backend spec
[debug] [2022-12-12T22:20:21.241Z] Could not find functions.yaml. Must use http discovery
[error] !!  functions: Failed to load function definition from source: FetchError: request to http://localhost:9005/__/quitquitquit failed, reason: connect ECONNREFUSED 127.0.0.1:9005 {"metadata":{"emulator":{"name":"functions"},"message":"Failed to load function definition from source: FetchError: request to http://localhost:9005/__/quitquitquit failed, reason: connect ECONNREFUSED 127.0.0.1:9005"}}
[debug] [2022-12-12T22:20:21.502Z] Serving at port 9005

[debug] [2022-12-12T22:20:21.853Z] shutdown requested via /__/quitquitquit

[debug] [2022-12-12T22:20:26.212Z] File C:\Users\junse\OneDrive\Desktop\Web developer\Wellness-buddy yr2 work-study\project\Wellness-Budy\functions\index.js changed, reloading triggers {"metadata":{"emulator":{"name":"functions"},"message":"File C:\\Users\\junse\\OneDrive\\Desktop\\Web developer\\Wellness-buddy yr2 work-study\\project\\Wellness-Budy\\functions\\index.js changed, reloading triggers"}}
[debug] [2022-12-12T22:20:27.218Z] Validating nodejs source
[warn] !  functions: package.json indicates an outdated version of firebase-functions. Please upgrade using npm install --save firebase-functions@latest in your functions directory. 
[debug] [2022-12-12T22:20:30.165Z] > [functions] package.json contents: {
  "name": "functions",
  "description": "Cloud Functions for Firebase",
  "type": "commonjs",
  "scripts": {
    "lint": "eslint .",
    "serve": "firebase emulators:start --only functions",
    "shell": "firebase functions:shell",
    "start": "npm run shell",
    "deploy": "firebase deploy --only functions",
    "logs": "firebase functions:log",
    "debug": "firebase serve --only functions"
  },
  "engines": {
    "node": "16"
  },
  "main": "index.js",
  "dependencies": {
    "cors": "^2.8.5",
    "firebase-admin": "^10.0.2",
    "firebase-functions": "^4.1.0",
    "nodemailer": "^6.8.0",
    "nodemon": "^2.0.20"
  },
  "devDependencies": {
    "eslint": "^8.9.0",
    "eslint-config-google": "^0.14.0",
    "firebase-functions-test": "^0.2.0"
  },
  "private": true
}
[debug] [2022-12-12T22:20:30.165Z] Building nodejs source
[debug] [2022-12-12T22:20:30.165Z] Analyzing nodejs backend spec
[debug] [2022-12-12T22:20:30.165Z] Could not find functions.yaml. Must use http discovery
[debug] [2022-12-12T22:20:30.416Z] Serving at port 9005

[debug] [2022-12-12T22:20:30.621Z] Got response from /__/functions.yaml {"endpoints":{"sendMail":{"platform":"gcfv1","availableMemoryMb":null,"timeoutSeconds":null,"minInstances":null,"maxInstances":null,"ingressSettings":null,"serviceAccountEmail":null,"vpc":null,"httpsTrigger":{},"entryPoint":"sendMail"},"requestMail":{"platform":"gcfv1","availableMemoryMb":null,"timeoutSeconds":null,"minInstances":null,"maxInstances":null,"ingressSettings":null,"serviceAccountEmail":null,"vpc":null,"scheduleTrigger":{"schedule":"every day 06:00","retryConfig":{"retryCount":null,"maxDoublings":null,"maxRetryDuration":null,"maxBackoffDuration":null,"minBackoffDuration":null},"timeZone":"America/Toronto"},"labels":{},"entryPoint":"requestMail"},"sendCheckIn":{"platform":"gcfv1","availableMemoryMb":null,"timeoutSeconds":null,"minInstances":null,"maxInstances":null,"ingressSettings":null,"serviceAccountEmail":null,"vpc":null,"scheduleTrigger":{"schedule":"every day 06:00","retryConfig":{"retryCount":null,"maxDoublings":null,"maxRetryDuration":null,"maxBackoffDuration":null,"minBackoffDuration":null},"timeZone":"America/Toronto"},"labels":{},"entryPoint":"sendCheckIn"},"resetCheckin":{"platform":"gcfv1","availableMemoryMb":null,"timeoutSeconds":null,"minInstances":null,"maxInstances":null,"ingressSettings":null,"serviceAccountEmail":null,"vpc":null,"scheduleTrigger":{"schedule":"every day 06:00","retryConfig":{"retryCount":null,"maxDoublings":null,"maxRetryDuration":null,"maxBackoffDuration":null,"minBackoffDuration":null},"timeZone":"America/Toronto"},"labels":{},"entryPoint":"resetCheckin"},"resetQuarterlyCheckin":{"platform":"gcfv1","availableMemoryMb":null,"timeoutSeconds":null,"minInstances":null,"maxInstances":null,"ingressSettings":null,"serviceAccountEmail":null,"vpc":null,"scheduleTrigger":{"schedule":"0 6 1 1,4,7,10 *","retryConfig":{"retryCount":null,"maxDoublings":null,"maxRetryDuration":null,"maxBackoffDuration":null,"minBackoffDuration":null},"timeZone":"America/Toronto"},"labels":{},"entryPoint":"resetQuarterlyCheckin"}},"specVersion":"v1alpha1","requiredAPIs":[{"api":"cloudscheduler.googleapis.com","reason":"Needed for scheduled functions."}]}
[debug] [2022-12-12T22:20:40.347Z] File C:\Users\junse\OneDrive\Desktop\Web developer\Wellness-buddy yr2 work-study\project\Wellness-Budy\functions\index.js changed, reloading triggers {"metadata":{"emulator":{"name":"functions"},"message":"File C:\\Users\\junse\\OneDrive\\Desktop\\Web developer\\Wellness-buddy yr2 work-study\\project\\Wellness-Budy\\functions\\index.js changed, reloading triggers"}}
[debug] [2022-12-12T22:20:41.360Z] Validating nodejs source
[warn] !  functions: package.json indicates an outdated version of firebase-functions. Please upgrade using npm install --save firebase-functions@latest in your functions directory. 
[debug] [2022-12-12T22:20:43.972Z] > [functions] package.json contents: {
  "name": "functions",
  "description": "Cloud Functions for Firebase",
  "type": "commonjs",
  "scripts": {
    "lint": "eslint .",
    "serve": "firebase emulators:start --only functions",
    "shell": "firebase functions:shell",
    "start": "npm run shell",
    "deploy": "firebase deploy --only functions",
    "logs": "firebase functions:log",
    "debug": "firebase serve --only functions"
  },
  "engines": {
    "node": "16"
  },
  "main": "index.js",
  "dependencies": {
    "cors": "^2.8.5",
    "firebase-admin": "^10.0.2",
    "firebase-functions": "^4.1.0",
    "nodemailer": "^6.8.0",
    "nodemon": "^2.0.20"
  },
  "devDependencies": {
    "eslint": "^8.9.0",
    "eslint-config-google": "^0.14.0",
    "firebase-functions-test": "^0.2.0"
  },
  "private": true
}
[debug] [2022-12-12T22:20:43.972Z] Building nodejs source
[debug] [2022-12-12T22:20:43.972Z] Analyzing nodejs backend spec
[debug] [2022-12-12T22:20:43.972Z] Could not find functions.yaml. Must use http discovery
[debug] [2022-12-12T22:20:44.221Z] Serving at port 9005

[debug] [2022-12-12T22:20:44.501Z] Got response from /__/functions.yaml {"endpoints":{"sendMail":{"platform":"gcfv1","availableMemoryMb":null,"timeoutSeconds":null,"minInstances":null,"maxInstances":null,"ingressSettings":null,"serviceAccountEmail":null,"vpc":null,"httpsTrigger":{},"entryPoint":"sendMail"},"requestMail":{"platform":"gcfv1","availableMemoryMb":null,"timeoutSeconds":null,"minInstances":null,"maxInstances":null,"ingressSettings":null,"serviceAccountEmail":null,"vpc":null,"scheduleTrigger":{"schedule":"every day 06:00","retryConfig":{"retryCount":null,"maxDoublings":null,"maxRetryDuration":null,"maxBackoffDuration":null,"minBackoffDuration":null},"timeZone":"America/Toronto"},"labels":{},"entryPoint":"requestMail"},"sendCheckIn":{"platform":"gcfv1","availableMemoryMb":null,"timeoutSeconds":null,"minInstances":null,"maxInstances":null,"ingressSettings":null,"serviceAccountEmail":null,"vpc":null,"scheduleTrigger":{"schedule":"every day 06:00","retryConfig":{"retryCount":null,"maxDoublings":null,"maxRetryDuration":null,"maxBackoffDuration":null,"minBackoffDuration":null},"timeZone":"America/Toronto"},"labels":{},"entryPoint":"sendCheckIn"},"resetCheckin":{"platform":"gcfv1","availableMemoryMb":null,"timeoutSeconds":null,"minInstances":null,"maxInstances":null,"ingressSettings":null,"serviceAccountEmail":null,"vpc":null,"scheduleTrigger":{"schedule":"every day 06:00","retryConfig":{"retryCount":null,"maxDoublings":null,"maxRetryDuration":null,"maxBackoffDuration":null,"minBackoffDuration":null},"timeZone":"America/Toronto"},"labels":{},"entryPoint":"resetCheckin"},"resetQuarterlyCheckin":{"platform":"gcfv1","availableMemoryMb":null,"timeoutSeconds":null,"minInstances":null,"maxInstances":null,"ingressSettings":null,"serviceAccountEmail":null,"vpc":null,"scheduleTrigger":{"schedule":"0 6 1 1,4,7,10 *","retryConfig":{"retryCount":null,"maxDoublings":null,"maxRetryDuration":null,"maxBackoffDuration":null,"minBackoffDuration":null},"timeZone":"America/Toronto"},"labels":{},"entryPoint":"resetQuarterlyCheckin"}},"specVersion":"v1alpha1","requiredAPIs":[{"api":"cloudscheduler.googleapis.com","reason":"Needed for scheduled functions."}]}
[debug] [2022-12-12T22:20:44.506Z] shutdown requested via /__/quitquitquit

[info] +  functions: Loaded functions definitions from source: sendMail, requestMail, sendCheckIn, resetCheckin, resetQuarterlyCheckin. {"metadata":{"emulator":{"name":"functions"},"message":"Loaded functions definitions from source: sendMail, requestMail, sendCheckIn, resetCheckin, resetQuarterlyCheckin."}}
[debug] [2022-12-12T22:21:49.829Z] File C:\Users\junse\OneDrive\Desktop\Web developer\Wellness-buddy yr2 work-study\project\Wellness-Budy\functions\index.js changed, reloading triggers {"metadata":{"emulator":{"name":"functions"},"message":"File C:\\Users\\junse\\OneDrive\\Desktop\\Web developer\\Wellness-buddy yr2 work-study\\project\\Wellness-Budy\\functions\\index.js changed, reloading triggers"}}
[debug] [2022-12-12T22:21:50.845Z] Validating nodejs source
[warn] !  functions: package.json indicates an outdated version of firebase-functions. Please upgrade using npm install --save firebase-functions@latest in your functions directory. 
[debug] [2022-12-12T22:21:53.607Z] > [functions] package.json contents: {
  "name": "functions",
  "description": "Cloud Functions for Firebase",
  "type": "commonjs",
  "scripts": {
    "lint": "eslint .",
    "serve": "firebase emulators:start --only functions",
    "shell": "firebase functions:shell",
    "start": "npm run shell",
    "deploy": "firebase deploy --only functions",
    "logs": "firebase functions:log",
    "debug": "firebase serve --only functions"
  },
  "engines": {
    "node": "16"
  },
  "main": "index.js",
  "dependencies": {
    "cors": "^2.8.5",
    "firebase-admin": "^10.0.2",
    "firebase-functions": "^4.1.0",
    "nodemailer": "^6.8.0",
    "nodemon": "^2.0.20"
  },
  "devDependencies": {
    "eslint": "^8.9.0",
    "eslint-config-google": "^0.14.0",
    "firebase-functions-test": "^0.2.0"
  },
  "private": true
}
[debug] [2022-12-12T22:21:53.607Z] Building nodejs source
[debug] [2022-12-12T22:21:53.607Z] Analyzing nodejs backend spec
[debug] [2022-12-12T22:21:53.608Z] Could not find functions.yaml. Must use http discovery
[debug] [2022-12-12T22:21:53.808Z] Serving at port 9005

[debug] [2022-12-12T22:21:54.015Z] Got response from /__/functions.yaml {"endpoints":{"sendMail":{"platform":"gcfv1","availableMemoryMb":null,"timeoutSeconds":null,"minInstances":null,"maxInstances":null,"ingressSettings":null,"serviceAccountEmail":null,"vpc":null,"httpsTrigger":{},"entryPoint":"sendMail"},"requestMail":{"platform":"gcfv1","availableMemoryMb":null,"timeoutSeconds":null,"minInstances":null,"maxInstances":null,"ingressSettings":null,"serviceAccountEmail":null,"vpc":null,"scheduleTrigger":{"schedule":"every day 06:00","retryConfig":{"retryCount":null,"maxDoublings":null,"maxRetryDuration":null,"maxBackoffDuration":null,"minBackoffDuration":null},"timeZone":"America/Toronto"},"labels":{},"entryPoint":"requestMail"},"sendCheckIn":{"platform":"gcfv1","availableMemoryMb":null,"timeoutSeconds":null,"minInstances":null,"maxInstances":null,"ingressSettings":null,"serviceAccountEmail":null,"vpc":null,"scheduleTrigger":{"schedule":"every day 06:00","retryConfig":{"retryCount":null,"maxDoublings":null,"maxRetryDuration":null,"maxBackoffDuration":null,"minBackoffDuration":null},"timeZone":"America/Toronto"},"labels":{},"entryPoint":"sendCheckIn"},"resetCheckin":{"platform":"gcfv1","availableMemoryMb":null,"timeoutSeconds":null,"minInstances":null,"maxInstances":null,"ingressSettings":null,"serviceAccountEmail":null,"vpc":null,"scheduleTrigger":{"schedule":"every day 06:00","retryConfig":{"retryCount":null,"maxDoublings":null,"maxRetryDuration":null,"maxBackoffDuration":null,"minBackoffDuration":null},"timeZone":"America/Toronto"},"labels":{},"entryPoint":"resetCheckin"},"resetQuarterlyCheckin":{"platform":"gcfv1","availableMemoryMb":null,"timeoutSeconds":null,"minInstances":null,"maxInstances":null,"ingressSettings":null,"serviceAccountEmail":null,"vpc":null,"scheduleTrigger":{"schedule":"0 6 1 1,4,7,10 *","retryConfig":{"retryCount":null,"maxDoublings":null,"maxRetryDuration":null,"maxBackoffDuration":null,"minBackoffDuration":null},"timeZone":"America/Toronto"},"labels":{},"entryPoint":"resetQuarterlyCheckin"}},"specVersion":"v1alpha1","requiredAPIs":[{"api":"cloudscheduler.googleapis.com","reason":"Needed for scheduled functions."}]}
[debug] [2022-12-12T22:22:03.006Z] File C:\Users\junse\OneDrive\Desktop\Web developer\Wellness-buddy yr2 work-study\project\Wellness-Budy\functions\index.js changed, reloading triggers {"metadata":{"emulator":{"name":"functions"},"message":"File C:\\Users\\junse\\OneDrive\\Desktop\\Web developer\\Wellness-buddy yr2 work-study\\project\\Wellness-Budy\\functions\\index.js changed, reloading triggers"}}
[debug] [2022-12-12T22:22:04.019Z] Validating nodejs source
[warn] !  functions: package.json indicates an outdated version of firebase-functions. Please upgrade using npm install --save firebase-functions@latest in your functions directory. 
[debug] [2022-12-12T22:22:07.027Z] > [functions] package.json contents: {
  "name": "functions",
  "description": "Cloud Functions for Firebase",
  "type": "commonjs",
  "scripts": {
    "lint": "eslint .",
    "serve": "firebase emulators:start --only functions",
    "shell": "firebase functions:shell",
    "start": "npm run shell",
    "deploy": "firebase deploy --only functions",
    "logs": "firebase functions:log",
    "debug": "firebase serve --only functions"
  },
  "engines": {
    "node": "16"
  },
  "main": "index.js",
  "dependencies": {
    "cors": "^2.8.5",
    "firebase-admin": "^10.0.2",
    "firebase-functions": "^4.1.0",
    "nodemailer": "^6.8.0",
    "nodemon": "^2.0.20"
  },
  "devDependencies": {
    "eslint": "^8.9.0",
    "eslint-config-google": "^0.14.0",
    "firebase-functions-test": "^0.2.0"
  },
  "private": true
}
[debug] [2022-12-12T22:22:07.027Z] Building nodejs source
[debug] [2022-12-12T22:22:07.027Z] Analyzing nodejs backend spec
[debug] [2022-12-12T22:22:07.027Z] Could not find functions.yaml. Must use http discovery
[debug] [2022-12-12T22:22:07.250Z] Serving at port 9005

[debug] [2022-12-12T22:22:07.474Z] Got response from /__/functions.yaml {"endpoints":{"sendMail":{"platform":"gcfv1","availableMemoryMb":null,"timeoutSeconds":null,"minInstances":null,"maxInstances":null,"ingressSettings":null,"serviceAccountEmail":null,"vpc":null,"httpsTrigger":{},"entryPoint":"sendMail"},"requestMail":{"platform":"gcfv1","availableMemoryMb":null,"timeoutSeconds":null,"minInstances":null,"maxInstances":null,"ingressSettings":null,"serviceAccountEmail":null,"vpc":null,"scheduleTrigger":{"schedule":"every day 06:00","retryConfig":{"retryCount":null,"maxDoublings":null,"maxRetryDuration":null,"maxBackoffDuration":null,"minBackoffDuration":null},"timeZone":"America/Toronto"},"labels":{},"entryPoint":"requestMail"},"sendCheckIn":{"platform":"gcfv1","availableMemoryMb":null,"timeoutSeconds":null,"minInstances":null,"maxInstances":null,"ingressSettings":null,"serviceAccountEmail":null,"vpc":null,"scheduleTrigger":{"schedule":"every day 06:00","retryConfig":{"retryCount":null,"maxDoublings":null,"maxRetryDuration":null,"maxBackoffDuration":null,"minBackoffDuration":null},"timeZone":"America/Toronto"},"labels":{},"entryPoint":"sendCheckIn"},"resetCheckin":{"platform":"gcfv1","availableMemoryMb":null,"timeoutSeconds":null,"minInstances":null,"maxInstances":null,"ingressSettings":null,"serviceAccountEmail":null,"vpc":null,"scheduleTrigger":{"schedule":"every day 06:00","retryConfig":{"retryCount":null,"maxDoublings":null,"maxRetryDuration":null,"maxBackoffDuration":null,"minBackoffDuration":null},"timeZone":"America/Toronto"},"labels":{},"entryPoint":"resetCheckin"},"resetQuarterlyCheckin":{"platform":"gcfv1","availableMemoryMb":null,"timeoutSeconds":null,"minInstances":null,"maxInstances":null,"ingressSettings":null,"serviceAccountEmail":null,"vpc":null,"scheduleTrigger":{"schedule":"0 6 1 1,4,7,10 *","retryConfig":{"retryCount":null,"maxDoublings":null,"maxRetryDuration":null,"maxBackoffDuration":null,"minBackoffDuration":null},"timeZone":"America/Toronto"},"labels":{},"entryPoint":"resetQuarterlyCheckin"}},"specVersion":"v1alpha1","requiredAPIs":[{"api":"cloudscheduler.googleapis.com","reason":"Needed for scheduled functions."}]}
[debug] [2022-12-12T22:22:15.281Z] File C:\Users\junse\OneDrive\Desktop\Web developer\Wellness-buddy yr2 work-study\project\Wellness-Budy\functions\index.js changed, reloading triggers {"metadata":{"emulator":{"name":"functions"},"message":"File C:\\Users\\junse\\OneDrive\\Desktop\\Web developer\\Wellness-buddy yr2 work-study\\project\\Wellness-Budy\\functions\\index.js changed, reloading triggers"}}
[debug] [2022-12-12T22:22:15.455Z] File C:\Users\junse\OneDrive\Desktop\Web developer\Wellness-buddy yr2 work-study\project\Wellness-Budy\functions\index.js changed, reloading triggers {"metadata":{"emulator":{"name":"functions"},"message":"File C:\\Users\\junse\\OneDrive\\Desktop\\Web developer\\Wellness-buddy yr2 work-study\\project\\Wellness-Budy\\functions\\index.js changed, reloading triggers"}}
[debug] [2022-12-12T22:22:16.458Z] Validating nodejs source
[warn] !  functions: package.json indicates an outdated version of firebase-functions. Please upgrade using npm install --save firebase-functions@latest in your functions directory. 
[debug] [2022-12-12T22:22:19.114Z] > [functions] package.json contents: {
  "name": "functions",
  "description": "Cloud Functions for Firebase",
  "type": "commonjs",
  "scripts": {
    "lint": "eslint .",
    "serve": "firebase emulators:start --only functions",
    "shell": "firebase functions:shell",
    "start": "npm run shell",
    "deploy": "firebase deploy --only functions",
    "logs": "firebase functions:log",
    "debug": "firebase serve --only functions"
  },
  "engines": {
    "node": "16"
  },
  "main": "index.js",
  "dependencies": {
    "cors": "^2.8.5",
    "firebase-admin": "^10.0.2",
    "firebase-functions": "^4.1.0",
    "nodemailer": "^6.8.0",
    "nodemon": "^2.0.20"
  },
  "devDependencies": {
    "eslint": "^8.9.0",
    "eslint-config-google": "^0.14.0",
    "firebase-functions-test": "^0.2.0"
  },
  "private": true
}
[debug] [2022-12-12T22:22:19.114Z] Building nodejs source
[debug] [2022-12-12T22:22:19.115Z] Analyzing nodejs backend spec
[debug] [2022-12-12T22:22:19.115Z] Could not find functions.yaml. Must use http discovery
[debug] [2022-12-12T22:22:19.320Z] Serving at port 9005

[debug] [2022-12-12T22:22:19.505Z] Got response from /__/functions.yaml {"endpoints":{"sendMail":{"platform":"gcfv1","availableMemoryMb":null,"timeoutSeconds":null,"minInstances":null,"maxInstances":null,"ingressSettings":null,"serviceAccountEmail":null,"vpc":null,"httpsTrigger":{},"entryPoint":"sendMail"},"requestMail":{"platform":"gcfv1","availableMemoryMb":null,"timeoutSeconds":null,"minInstances":null,"maxInstances":null,"ingressSettings":null,"serviceAccountEmail":null,"vpc":null,"scheduleTrigger":{"schedule":"every day 06:00","retryConfig":{"retryCount":null,"maxDoublings":null,"maxRetryDuration":null,"maxBackoffDuration":null,"minBackoffDuration":null},"timeZone":"America/Toronto"},"labels":{},"entryPoint":"requestMail"},"sendCheckIn":{"platform":"gcfv1","availableMemoryMb":null,"timeoutSeconds":null,"minInstances":null,"maxInstances":null,"ingressSettings":null,"serviceAccountEmail":null,"vpc":null,"scheduleTrigger":{"schedule":"every day 06:00","retryConfig":{"retryCount":null,"maxDoublings":null,"maxRetryDuration":null,"maxBackoffDuration":null,"minBackoffDuration":null},"timeZone":"America/Toronto"},"labels":{},"entryPoint":"sendCheckIn"},"resetCheckin":{"platform":"gcfv1","availableMemoryMb":null,"timeoutSeconds":null,"minInstances":null,"maxInstances":null,"ingressSettings":null,"serviceAccountEmail":null,"vpc":null,"scheduleTrigger":{"schedule":"every day 06:00","retryConfig":{"retryCount":null,"maxDoublings":null,"maxRetryDuration":null,"maxBackoffDuration":null,"minBackoffDuration":null},"timeZone":"America/Toronto"},"labels":{},"entryPoint":"resetCheckin"},"resetQuarterlyCheckin":{"platform":"gcfv1","availableMemoryMb":null,"timeoutSeconds":null,"minInstances":null,"maxInstances":null,"ingressSettings":null,"serviceAccountEmail":null,"vpc":null,"scheduleTrigger":{"schedule":"0 6 1 1,4,7,10 *","retryConfig":{"retryCount":null,"maxDoublings":null,"maxRetryDuration":null,"maxBackoffDuration":null,"minBackoffDuration":null},"timeZone":"America/Toronto"},"labels":{},"entryPoint":"resetQuarterlyCheckin"}},"specVersion":"v1alpha1","requiredAPIs":[{"api":"cloudscheduler.googleapis.com","reason":"Needed for scheduled functions."}]}
[debug] [2022-12-12T22:24:05.301Z] File C:\Users\junse\OneDrive\Desktop\Web developer\Wellness-buddy yr2 work-study\project\Wellness-Budy\functions\actions\mailHelper.js changed, reloading triggers {"metadata":{"emulator":{"name":"functions"},"message":"File C:\\Users\\junse\\OneDrive\\Desktop\\Web developer\\Wellness-buddy yr2 work-study\\project\\Wellness-Budy\\functions\\actions\\mailHelper.js changed, reloading triggers"}}
[debug] [2022-12-12T22:24:06.312Z] Validating nodejs source
[warn] !  functions: package.json indicates an outdated version of firebase-functions. Please upgrade using npm install --save firebase-functions@latest in your functions directory. 
[debug] [2022-12-12T22:24:09.093Z] > [functions] package.json contents: {
  "name": "functions",
  "description": "Cloud Functions for Firebase",
  "type": "commonjs",
  "scripts": {
    "lint": "eslint .",
    "serve": "firebase emulators:start --only functions",
    "shell": "firebase functions:shell",
    "start": "npm run shell",
    "deploy": "firebase deploy --only functions",
    "logs": "firebase functions:log",
    "debug": "firebase serve --only functions"
  },
  "engines": {
    "node": "16"
  },
  "main": "index.js",
  "dependencies": {
    "cors": "^2.8.5",
    "firebase-admin": "^10.0.2",
    "firebase-functions": "^4.1.0",
    "nodemailer": "^6.8.0",
    "nodemon": "^2.0.20"
  },
  "devDependencies": {
    "eslint": "^8.9.0",
    "eslint-config-google": "^0.14.0",
    "firebase-functions-test": "^0.2.0"
  },
  "private": true
}
[debug] [2022-12-12T22:24:09.094Z] Building nodejs source
[debug] [2022-12-12T22:24:09.094Z] Analyzing nodejs backend spec
[debug] [2022-12-12T22:24:09.094Z] Could not find functions.yaml. Must use http discovery
[debug] [2022-12-12T22:24:09.324Z] Serving at port 9005

[debug] [2022-12-12T22:24:09.556Z] Got response from /__/functions.yaml {"endpoints":{"sendMail":{"platform":"gcfv1","availableMemoryMb":null,"timeoutSeconds":null,"minInstances":null,"maxInstances":null,"ingressSettings":null,"serviceAccountEmail":null,"vpc":null,"httpsTrigger":{},"entryPoint":"sendMail"},"requestMail":{"platform":"gcfv1","availableMemoryMb":null,"timeoutSeconds":null,"minInstances":null,"maxInstances":null,"ingressSettings":null,"serviceAccountEmail":null,"vpc":null,"scheduleTrigger":{"schedule":"every day 06:00","retryConfig":{"retryCount":null,"maxDoublings":null,"maxRetryDuration":null,"maxBackoffDuration":null,"minBackoffDuration":null},"timeZone":"America/Toronto"},"labels":{},"entryPoint":"requestMail"},"sendCheckIn":{"platform":"gcfv1","availableMemoryMb":null,"timeoutSeconds":null,"minInstances":null,"maxInstances":null,"ingressSettings":null,"serviceAccountEmail":null,"vpc":null,"scheduleTrigger":{"schedule":"every day 06:00","retryConfig":{"retryCount":null,"maxDoublings":null,"maxRetryDuration":null,"maxBackoffDuration":null,"minBackoffDuration":null},"timeZone":"America/Toronto"},"labels":{},"entryPoint":"sendCheckIn"},"resetCheckin":{"platform":"gcfv1","availableMemoryMb":null,"timeoutSeconds":null,"minInstances":null,"maxInstances":null,"ingressSettings":null,"serviceAccountEmail":null,"vpc":null,"scheduleTrigger":{"schedule":"every day 06:00","retryConfig":{"retryCount":null,"maxDoublings":null,"maxRetryDuration":null,"maxBackoffDuration":null,"minBackoffDuration":null},"timeZone":"America/Toronto"},"labels":{},"entryPoint":"resetCheckin"},"resetQuarterlyCheckin":{"platform":"gcfv1","availableMemoryMb":null,"timeoutSeconds":null,"minInstances":null,"maxInstances":null,"ingressSettings":null,"serviceAccountEmail":null,"vpc":null,"scheduleTrigger":{"schedule":"0 6 1 1,4,7,10 *","retryConfig":{"retryCount":null,"maxDoublings":null,"maxRetryDuration":null,"maxBackoffDuration":null,"minBackoffDuration":null},"timeZone":"America/Toronto"},"labels":{},"entryPoint":"resetQuarterlyCheckin"}},"specVersion":"v1alpha1","requiredAPIs":[{"api":"cloudscheduler.googleapis.com","reason":"Needed for scheduled functions."}]}
[debug] [2022-12-12T22:24:13.942Z] File C:\Users\junse\OneDrive\Desktop\Web developer\Wellness-buddy yr2 work-study\project\Wellness-Budy\functions\actions\checkInHelper.js changed, reloading triggers {"metadata":{"emulator":{"name":"functions"},"message":"File C:\\Users\\junse\\OneDrive\\Desktop\\Web developer\\Wellness-buddy yr2 work-study\\project\\Wellness-Budy\\functions\\actions\\checkInHelper.js changed, reloading triggers"}}
[debug] [2022-12-12T22:24:14.953Z] Validating nodejs source
[warn] !  functions: package.json indicates an outdated version of firebase-functions. Please upgrade using npm install --save firebase-functions@latest in your functions directory. 
[debug] [2022-12-12T22:24:17.885Z] > [functions] package.json contents: {
  "name": "functions",
  "description": "Cloud Functions for Firebase",
  "type": "commonjs",
  "scripts": {
    "lint": "eslint .",
    "serve": "firebase emulators:start --only functions",
    "shell": "firebase functions:shell",
    "start": "npm run shell",
    "deploy": "firebase deploy --only functions",
    "logs": "firebase functions:log",
    "debug": "firebase serve --only functions"
  },
  "engines": {
    "node": "16"
  },
  "main": "index.js",
  "dependencies": {
    "cors": "^2.8.5",
    "firebase-admin": "^10.0.2",
    "firebase-functions": "^4.1.0",
    "nodemailer": "^6.8.0",
    "nodemon": "^2.0.20"
  },
  "devDependencies": {
    "eslint": "^8.9.0",
    "eslint-config-google": "^0.14.0",
    "firebase-functions-test": "^0.2.0"
  },
  "private": true
}
[debug] [2022-12-12T22:24:17.885Z] Building nodejs source
[debug] [2022-12-12T22:24:17.885Z] Analyzing nodejs backend spec
[debug] [2022-12-12T22:24:17.886Z] Could not find functions.yaml. Must use http discovery
[debug] [2022-12-12T22:24:18.080Z] Serving at port 9005

[debug] [2022-12-12T22:24:18.301Z] Got response from /__/functions.yaml {"endpoints":{"sendMail":{"platform":"gcfv1","availableMemoryMb":null,"timeoutSeconds":null,"minInstances":null,"maxInstances":null,"ingressSettings":null,"serviceAccountEmail":null,"vpc":null,"httpsTrigger":{},"entryPoint":"sendMail"},"requestMail":{"platform":"gcfv1","availableMemoryMb":null,"timeoutSeconds":null,"minInstances":null,"maxInstances":null,"ingressSettings":null,"serviceAccountEmail":null,"vpc":null,"scheduleTrigger":{"schedule":"every day 06:00","retryConfig":{"retryCount":null,"maxDoublings":null,"maxRetryDuration":null,"maxBackoffDuration":null,"minBackoffDuration":null},"timeZone":"America/Toronto"},"labels":{},"entryPoint":"requestMail"},"sendCheckIn":{"platform":"gcfv1","availableMemoryMb":null,"timeoutSeconds":null,"minInstances":null,"maxInstances":null,"ingressSettings":null,"serviceAccountEmail":null,"vpc":null,"scheduleTrigger":{"schedule":"every day 06:00","retryConfig":{"retryCount":null,"maxDoublings":null,"maxRetryDuration":null,"maxBackoffDuration":null,"minBackoffDuration":null},"timeZone":"America/Toronto"},"labels":{},"entryPoint":"sendCheckIn"},"resetCheckin":{"platform":"gcfv1","availableMemoryMb":null,"timeoutSeconds":null,"minInstances":null,"maxInstances":null,"ingressSettings":null,"serviceAccountEmail":null,"vpc":null,"scheduleTrigger":{"schedule":"every day 06:00","retryConfig":{"retryCount":null,"maxDoublings":null,"maxRetryDuration":null,"maxBackoffDuration":null,"minBackoffDuration":null},"timeZone":"America/Toronto"},"labels":{},"entryPoint":"resetCheckin"},"resetQuarterlyCheckin":{"platform":"gcfv1","availableMemoryMb":null,"timeoutSeconds":null,"minInstances":null,"maxInstances":null,"ingressSettings":null,"serviceAccountEmail":null,"vpc":null,"scheduleTrigger":{"schedule":"0 6 1 1,4,7,10 *","retryConfig":{"retryCount":null,"maxDoublings":null,"maxRetryDuration":null,"maxBackoffDuration":null,"minBackoffDuration":null},"timeZone":"America/Toronto"},"labels":{},"entryPoint":"resetQuarterlyCheckin"}},"specVersion":"v1alpha1","requiredAPIs":[{"api":"cloudscheduler.googleapis.com","reason":"Needed for scheduled functions."}]}
[debug] [2022-12-12T22:24:34.178Z] File C:\Users\junse\OneDrive\Desktop\Web developer\Wellness-buddy yr2 work-study\project\Wellness-Budy\functions\actions\mailHelper.js changed, reloading triggers {"metadata":{"emulator":{"name":"functions"},"message":"File C:\\Users\\junse\\OneDrive\\Desktop\\Web developer\\Wellness-buddy yr2 work-study\\project\\Wellness-Budy\\functions\\actions\\mailHelper.js changed, reloading triggers"}}
[debug] [2022-12-12T22:24:35.184Z] Validating nodejs source
[warn] !  functions: package.json indicates an outdated version of firebase-functions. Please upgrade using npm install --save firebase-functions@latest in your functions directory. 
[debug] [2022-12-12T22:24:38.062Z] > [functions] package.json contents: {
  "name": "functions",
  "description": "Cloud Functions for Firebase",
  "type": "commonjs",
  "scripts": {
    "lint": "eslint .",
    "serve": "firebase emulators:start --only functions",
    "shell": "firebase functions:shell",
    "start": "npm run shell",
    "deploy": "firebase deploy --only functions",
    "logs": "firebase functions:log",
    "debug": "firebase serve --only functions"
  },
  "engines": {
    "node": "16"
  },
  "main": "index.js",
  "dependencies": {
    "cors": "^2.8.5",
    "firebase-admin": "^10.0.2",
    "firebase-functions": "^4.1.0",
    "nodemailer": "^6.8.0",
    "nodemon": "^2.0.20"
  },
  "devDependencies": {
    "eslint": "^8.9.0",
    "eslint-config-google": "^0.14.0",
    "firebase-functions-test": "^0.2.0"
  },
  "private": true
}
[debug] [2022-12-12T22:24:38.063Z] Building nodejs source
[debug] [2022-12-12T22:24:38.063Z] Analyzing nodejs backend spec
[debug] [2022-12-12T22:24:38.063Z] Could not find functions.yaml. Must use http discovery
[debug] [2022-12-12T22:24:38.287Z] Serving at port 9006

[debug] [2022-12-12T22:24:38.569Z] Got response from /__/functions.yaml {"endpoints":{"sendMail":{"platform":"gcfv1","availableMemoryMb":null,"timeoutSeconds":null,"minInstances":null,"maxInstances":null,"ingressSettings":null,"serviceAccountEmail":null,"vpc":null,"httpsTrigger":{},"entryPoint":"sendMail"},"requestMail":{"platform":"gcfv1","availableMemoryMb":null,"timeoutSeconds":null,"minInstances":null,"maxInstances":null,"ingressSettings":null,"serviceAccountEmail":null,"vpc":null,"scheduleTrigger":{"schedule":"every day 06:00","retryConfig":{"retryCount":null,"maxDoublings":null,"maxRetryDuration":null,"maxBackoffDuration":null,"minBackoffDuration":null},"timeZone":"America/Toronto"},"labels":{},"entryPoint":"requestMail"},"sendCheckIn":{"platform":"gcfv1","availableMemoryMb":null,"timeoutSeconds":null,"minInstances":null,"maxInstances":null,"ingressSettings":null,"serviceAccountEmail":null,"vpc":null,"scheduleTrigger":{"schedule":"every day 06:00","retryConfig":{"retryCount":null,"maxDoublings":null,"maxRetryDuration":null,"maxBackoffDuration":null,"minBackoffDuration":null},"timeZone":"America/Toronto"},"labels":{},"entryPoint":"sendCheckIn"},"resetCheckin":{"platform":"gcfv1","availableMemoryMb":null,"timeoutSeconds":null,"minInstances":null,"maxInstances":null,"ingressSettings":null,"serviceAccountEmail":null,"vpc":null,"scheduleTrigger":{"schedule":"every day 06:00","retryConfig":{"retryCount":null,"maxDoublings":null,"maxRetryDuration":null,"maxBackoffDuration":null,"minBackoffDuration":null},"timeZone":"America/Toronto"},"labels":{},"entryPoint":"resetCheckin"},"resetQuarterlyCheckin":{"platform":"gcfv1","availableMemoryMb":null,"timeoutSeconds":null,"minInstances":null,"maxInstances":null,"ingressSettings":null,"serviceAccountEmail":null,"vpc":null,"scheduleTrigger":{"schedule":"0 6 1 1,4,7,10 *","retryConfig":{"retryCount":null,"maxDoublings":null,"maxRetryDuration":null,"maxBackoffDuration":null,"minBackoffDuration":null},"timeZone":"America/Toronto"},"labels":{},"entryPoint":"resetQuarterlyCheckin"}},"specVersion":"v1alpha1","requiredAPIs":[{"api":"cloudscheduler.googleapis.com","reason":"Needed for scheduled functions."}]}
[debug] [2022-12-12T22:24:38.573Z] shutdown requested via /__/quitquitquit

[info] +  functions: Loaded functions definitions from source: sendMail, requestMail, sendCheckIn, resetCheckin, resetQuarterlyCheckin. {"metadata":{"emulator":{"name":"functions"},"message":"Loaded functions definitions from source: sendMail, requestMail, sendCheckIn, resetCheckin, resetQuarterlyCheckin."}}
[debug] [2022-12-12T22:25:01.764Z] File C:\Users\junse\OneDrive\Desktop\Web developer\Wellness-buddy yr2 work-study\project\Wellness-Budy\functions\actions\mailHelper.js changed, reloading triggers {"metadata":{"emulator":{"name":"functions"},"message":"File C:\\Users\\junse\\OneDrive\\Desktop\\Web developer\\Wellness-buddy yr2 work-study\\project\\Wellness-Budy\\functions\\actions\\mailHelper.js changed, reloading triggers"}}
[debug] [2022-12-12T22:25:02.765Z] Validating nodejs source
[warn] !  functions: package.json indicates an outdated version of firebase-functions. Please upgrade using npm install --save firebase-functions@latest in your functions directory. 
[debug] [2022-12-12T22:25:05.505Z] > [functions] package.json contents: {
  "name": "functions",
  "description": "Cloud Functions for Firebase",
  "type": "commonjs",
  "scripts": {
    "lint": "eslint .",
    "serve": "firebase emulators:start --only functions",
    "shell": "firebase functions:shell",
    "start": "npm run shell",
    "deploy": "firebase deploy --only functions",
    "logs": "firebase functions:log",
    "debug": "firebase serve --only functions"
  },
  "engines": {
    "node": "16"
  },
  "main": "index.js",
  "dependencies": {
    "cors": "^2.8.5",
    "firebase-admin": "^10.0.2",
    "firebase-functions": "^4.1.0",
    "nodemailer": "^6.8.0",
    "nodemon": "^2.0.20"
  },
  "devDependencies": {
    "eslint": "^8.9.0",
    "eslint-config-google": "^0.14.0",
    "firebase-functions-test": "^0.2.0"
  },
  "private": true
}
[debug] [2022-12-12T22:25:05.506Z] Building nodejs source
[debug] [2022-12-12T22:25:05.506Z] Analyzing nodejs backend spec
[debug] [2022-12-12T22:25:05.506Z] Could not find functions.yaml. Must use http discovery
[debug] [2022-12-12T22:25:05.721Z] Serving at port 9005

[debug] [2022-12-12T22:25:05.909Z] Got response from /__/functions.yaml {"endpoints":{"sendMail":{"platform":"gcfv1","availableMemoryMb":null,"timeoutSeconds":null,"minInstances":null,"maxInstances":null,"ingressSettings":null,"serviceAccountEmail":null,"vpc":null,"httpsTrigger":{},"entryPoint":"sendMail"},"requestMail":{"platform":"gcfv1","availableMemoryMb":null,"timeoutSeconds":null,"minInstances":null,"maxInstances":null,"ingressSettings":null,"serviceAccountEmail":null,"vpc":null,"scheduleTrigger":{"schedule":"every day 06:00","retryConfig":{"retryCount":null,"maxDoublings":null,"maxRetryDuration":null,"maxBackoffDuration":null,"minBackoffDuration":null},"timeZone":"America/Toronto"},"labels":{},"entryPoint":"requestMail"},"sendCheckIn":{"platform":"gcfv1","availableMemoryMb":null,"timeoutSeconds":null,"minInstances":null,"maxInstances":null,"ingressSettings":null,"serviceAccountEmail":null,"vpc":null,"scheduleTrigger":{"schedule":"every day 06:00","retryConfig":{"retryCount":null,"maxDoublings":null,"maxRetryDuration":null,"maxBackoffDuration":null,"minBackoffDuration":null},"timeZone":"America/Toronto"},"labels":{},"entryPoint":"sendCheckIn"},"resetCheckin":{"platform":"gcfv1","availableMemoryMb":null,"timeoutSeconds":null,"minInstances":null,"maxInstances":null,"ingressSettings":null,"serviceAccountEmail":null,"vpc":null,"scheduleTrigger":{"schedule":"every day 06:00","retryConfig":{"retryCount":null,"maxDoublings":null,"maxRetryDuration":null,"maxBackoffDuration":null,"minBackoffDuration":null},"timeZone":"America/Toronto"},"labels":{},"entryPoint":"resetCheckin"},"resetQuarterlyCheckin":{"platform":"gcfv1","availableMemoryMb":null,"timeoutSeconds":null,"minInstances":null,"maxInstances":null,"ingressSettings":null,"serviceAccountEmail":null,"vpc":null,"scheduleTrigger":{"schedule":"0 6 1 1,4,7,10 *","retryConfig":{"retryCount":null,"maxDoublings":null,"maxRetryDuration":null,"maxBackoffDuration":null,"minBackoffDuration":null},"timeZone":"America/Toronto"},"labels":{},"entryPoint":"resetQuarterlyCheckin"}},"specVersion":"v1alpha1","requiredAPIs":[{"api":"cloudscheduler.googleapis.com","reason":"Needed for scheduled functions."}]}
[debug] [2022-12-12T22:27:30.401Z] File C:\Users\junse\OneDrive\Desktop\Web developer\Wellness-buddy yr2 work-study\project\Wellness-Budy\functions\actions\checkInHelper.js changed, reloading triggers {"metadata":{"emulator":{"name":"functions"},"message":"File C:\\Users\\junse\\OneDrive\\Desktop\\Web developer\\Wellness-buddy yr2 work-study\\project\\Wellness-Budy\\functions\\actions\\checkInHelper.js changed, reloading triggers"}}
[debug] [2022-12-12T22:27:31.413Z] Validating nodejs source
[warn] !  functions: package.json indicates an outdated version of firebase-functions. Please upgrade using npm install --save firebase-functions@latest in your functions directory. 
[debug] [2022-12-12T22:27:34.210Z] > [functions] package.json contents: {
  "name": "functions",
  "description": "Cloud Functions for Firebase",
  "type": "commonjs",
  "scripts": {
    "lint": "eslint .",
    "serve": "firebase emulators:start --only functions",
    "shell": "firebase functions:shell",
    "start": "npm run shell",
    "deploy": "firebase deploy --only functions",
    "logs": "firebase functions:log",
    "debug": "firebase serve --only functions"
  },
  "engines": {
    "node": "16"
  },
  "main": "index.js",
  "dependencies": {
    "cors": "^2.8.5",
    "firebase-admin": "^10.0.2",
    "firebase-functions": "^4.1.0",
    "nodemailer": "^6.8.0",
    "nodemon": "^2.0.20"
  },
  "devDependencies": {
    "eslint": "^8.9.0",
    "eslint-config-google": "^0.14.0",
    "firebase-functions-test": "^0.2.0"
  },
  "private": true
}
[debug] [2022-12-12T22:27:34.210Z] Building nodejs source
[debug] [2022-12-12T22:27:34.210Z] Analyzing nodejs backend spec
[debug] [2022-12-12T22:27:34.211Z] Could not find functions.yaml. Must use http discovery
[debug] [2022-12-12T22:27:34.439Z] Serving at port 9005

[debug] [2022-12-12T22:27:34.638Z] Got response from /__/functions.yaml {"endpoints":{"sendMail":{"platform":"gcfv1","availableMemoryMb":null,"timeoutSeconds":null,"minInstances":null,"maxInstances":null,"ingressSettings":null,"serviceAccountEmail":null,"vpc":null,"httpsTrigger":{},"entryPoint":"sendMail"},"requestMail":{"platform":"gcfv1","availableMemoryMb":null,"timeoutSeconds":null,"minInstances":null,"maxInstances":null,"ingressSettings":null,"serviceAccountEmail":null,"vpc":null,"scheduleTrigger":{"schedule":"every day 06:00","retryConfig":{"retryCount":null,"maxDoublings":null,"maxRetryDuration":null,"maxBackoffDuration":null,"minBackoffDuration":null},"timeZone":"America/Toronto"},"labels":{},"entryPoint":"requestMail"},"sendCheckIn":{"platform":"gcfv1","availableMemoryMb":null,"timeoutSeconds":null,"minInstances":null,"maxInstances":null,"ingressSettings":null,"serviceAccountEmail":null,"vpc":null,"scheduleTrigger":{"schedule":"every day 06:00","retryConfig":{"retryCount":null,"maxDoublings":null,"maxRetryDuration":null,"maxBackoffDuration":null,"minBackoffDuration":null},"timeZone":"America/Toronto"},"labels":{},"entryPoint":"sendCheckIn"},"resetCheckin":{"platform":"gcfv1","availableMemoryMb":null,"timeoutSeconds":null,"minInstances":null,"maxInstances":null,"ingressSettings":null,"serviceAccountEmail":null,"vpc":null,"scheduleTrigger":{"schedule":"every day 06:00","retryConfig":{"retryCount":null,"maxDoublings":null,"maxRetryDuration":null,"maxBackoffDuration":null,"minBackoffDuration":null},"timeZone":"America/Toronto"},"labels":{},"entryPoint":"resetCheckin"},"resetQuarterlyCheckin":{"platform":"gcfv1","availableMemoryMb":null,"timeoutSeconds":null,"minInstances":null,"maxInstances":null,"ingressSettings":null,"serviceAccountEmail":null,"vpc":null,"scheduleTrigger":{"schedule":"0 6 1 1,4,7,10 *","retryConfig":{"retryCount":null,"maxDoublings":null,"maxRetryDuration":null,"maxBackoffDuration":null,"minBackoffDuration":null},"timeZone":"America/Toronto"},"labels":{},"entryPoint":"resetQuarterlyCheckin"}},"specVersion":"v1alpha1","requiredAPIs":[{"api":"cloudscheduler.googleapis.com","reason":"Needed for scheduled functions."}]}
[debug] [2022-12-12T22:27:45.011Z] File C:\Users\junse\OneDrive\Desktop\Web developer\Wellness-buddy yr2 work-study\project\Wellness-Budy\functions\actions\mailHelper.js changed, reloading triggers {"metadata":{"emulator":{"name":"functions"},"message":"File C:\\Users\\junse\\OneDrive\\Desktop\\Web developer\\Wellness-buddy yr2 work-study\\project\\Wellness-Budy\\functions\\actions\\mailHelper.js changed, reloading triggers"}}
[debug] [2022-12-12T22:27:46.026Z] Validating nodejs source
[warn] !  functions: package.json indicates an outdated version of firebase-functions. Please upgrade using npm install --save firebase-functions@latest in your functions directory. 
[debug] [2022-12-12T22:27:48.629Z] > [functions] package.json contents: {
  "name": "functions",
  "description": "Cloud Functions for Firebase",
  "type": "commonjs",
  "scripts": {
    "lint": "eslint .",
    "serve": "firebase emulators:start --only functions",
    "shell": "firebase functions:shell",
    "start": "npm run shell",
    "deploy": "firebase deploy --only functions",
    "logs": "firebase functions:log",
    "debug": "firebase serve --only functions"
  },
  "engines": {
    "node": "16"
  },
  "main": "index.js",
  "dependencies": {
    "cors": "^2.8.5",
    "firebase-admin": "^10.0.2",
    "firebase-functions": "^4.1.0",
    "nodemailer": "^6.8.0",
    "nodemon": "^2.0.20"
  },
  "devDependencies": {
    "eslint": "^8.9.0",
    "eslint-config-google": "^0.14.0",
    "firebase-functions-test": "^0.2.0"
  },
  "private": true
}
[debug] [2022-12-12T22:27:48.629Z] Building nodejs source
[debug] [2022-12-12T22:27:48.629Z] Analyzing nodejs backend spec
[debug] [2022-12-12T22:27:48.630Z] Could not find functions.yaml. Must use http discovery
[debug] [2022-12-12T22:27:48.870Z] Serving at port 9005

[debug] [2022-12-12T22:27:49.176Z] Got response from /__/functions.yaml {"endpoints":{"sendMail":{"platform":"gcfv1","availableMemoryMb":null,"timeoutSeconds":null,"minInstances":null,"maxInstances":null,"ingressSettings":null,"serviceAccountEmail":null,"vpc":null,"httpsTrigger":{},"entryPoint":"sendMail"},"requestMail":{"platform":"gcfv1","availableMemoryMb":null,"timeoutSeconds":null,"minInstances":null,"maxInstances":null,"ingressSettings":null,"serviceAccountEmail":null,"vpc":null,"scheduleTrigger":{"schedule":"every day 06:00","retryConfig":{"retryCount":null,"maxDoublings":null,"maxRetryDuration":null,"maxBackoffDuration":null,"minBackoffDuration":null},"timeZone":"America/Toronto"},"labels":{},"entryPoint":"requestMail"},"sendCheckIn":{"platform":"gcfv1","availableMemoryMb":null,"timeoutSeconds":null,"minInstances":null,"maxInstances":null,"ingressSettings":null,"serviceAccountEmail":null,"vpc":null,"scheduleTrigger":{"schedule":"every day 06:00","retryConfig":{"retryCount":null,"maxDoublings":null,"maxRetryDuration":null,"maxBackoffDuration":null,"minBackoffDuration":null},"timeZone":"America/Toronto"},"labels":{},"entryPoint":"sendCheckIn"},"resetCheckin":{"platform":"gcfv1","availableMemoryMb":null,"timeoutSeconds":null,"minInstances":null,"maxInstances":null,"ingressSettings":null,"serviceAccountEmail":null,"vpc":null,"scheduleTrigger":{"schedule":"every day 06:00","retryConfig":{"retryCount":null,"maxDoublings":null,"maxRetryDuration":null,"maxBackoffDuration":null,"minBackoffDuration":null},"timeZone":"America/Toronto"},"labels":{},"entryPoint":"resetCheckin"},"resetQuarterlyCheckin":{"platform":"gcfv1","availableMemoryMb":null,"timeoutSeconds":null,"minInstances":null,"maxInstances":null,"ingressSettings":null,"serviceAccountEmail":null,"vpc":null,"scheduleTrigger":{"schedule":"0 6 1 1,4,7,10 *","retryConfig":{"retryCount":null,"maxDoublings":null,"maxRetryDuration":null,"maxBackoffDuration":null,"minBackoffDuration":null},"timeZone":"America/Toronto"},"labels":{},"entryPoint":"resetQuarterlyCheckin"}},"specVersion":"v1alpha1","requiredAPIs":[{"api":"cloudscheduler.googleapis.com","reason":"Needed for scheduled functions."}]}
[debug] [2022-12-12T22:27:49.180Z] shutdown requested via /__/quitquitquit

[info] +  functions: Loaded functions definitions from source: sendMail, requestMail, sendCheckIn, resetCheckin, resetQuarterlyCheckin. {"metadata":{"emulator":{"name":"functions"},"message":"Loaded functions definitions from source: sendMail, requestMail, sendCheckIn, resetCheckin, resetQuarterlyCheckin."}}
[debug] [2022-12-12T22:28:14.850Z] File C:\Users\junse\OneDrive\Desktop\Web developer\Wellness-buddy yr2 work-study\project\Wellness-Budy\functions\actions\checkInHelper.js changed, reloading triggers {"metadata":{"emulator":{"name":"functions"},"message":"File C:\\Users\\junse\\OneDrive\\Desktop\\Web developer\\Wellness-buddy yr2 work-study\\project\\Wellness-Budy\\functions\\actions\\checkInHelper.js changed, reloading triggers"}}
[debug] [2022-12-12T22:28:15.645Z] File C:\Users\junse\OneDrive\Desktop\Web developer\Wellness-buddy yr2 work-study\project\Wellness-Budy\functions\actions\checkInHelper.js changed, reloading triggers {"metadata":{"emulator":{"name":"functions"},"message":"File C:\\Users\\junse\\OneDrive\\Desktop\\Web developer\\Wellness-buddy yr2 work-study\\project\\Wellness-Budy\\functions\\actions\\checkInHelper.js changed, reloading triggers"}}
[debug] [2022-12-12T22:28:16.660Z] Validating nodejs source
[warn] !  functions: package.json indicates an outdated version of firebase-functions. Please upgrade using npm install --save firebase-functions@latest in your functions directory. 
[debug] [2022-12-12T22:28:19.142Z] > [functions] package.json contents: {
  "name": "functions",
  "description": "Cloud Functions for Firebase",
  "type": "commonjs",
  "scripts": {
    "lint": "eslint .",
    "serve": "firebase emulators:start --only functions",
    "shell": "firebase functions:shell",
    "start": "npm run shell",
    "deploy": "firebase deploy --only functions",
    "logs": "firebase functions:log",
    "debug": "firebase serve --only functions"
  },
  "engines": {
    "node": "16"
  },
  "main": "index.js",
  "dependencies": {
    "cors": "^2.8.5",
    "firebase-admin": "^10.0.2",
    "firebase-functions": "^4.1.0",
    "nodemailer": "^6.8.0",
    "nodemon": "^2.0.20"
  },
  "devDependencies": {
    "eslint": "^8.9.0",
    "eslint-config-google": "^0.14.0",
    "firebase-functions-test": "^0.2.0"
  },
  "private": true
}
[debug] [2022-12-12T22:28:19.142Z] Building nodejs source
[debug] [2022-12-12T22:28:19.142Z] Analyzing nodejs backend spec
[debug] [2022-12-12T22:28:19.143Z] Could not find functions.yaml. Must use http discovery
[error] !!  functions: Failed to load function definition from source: FetchError: request to http://localhost:9005/__/quitquitquit failed, reason: connect ECONNREFUSED 127.0.0.1:9005 {"metadata":{"emulator":{"name":"functions"},"message":"Failed to load function definition from source: FetchError: request to http://localhost:9005/__/quitquitquit failed, reason: connect ECONNREFUSED 127.0.0.1:9005"}}
[debug] [2022-12-12T22:28:19.363Z] Serving at port 9005

[debug] [2022-12-12T22:28:19.659Z] shutdown requested via /__/quitquitquit

[debug] [2022-12-12T22:34:43.634Z] File C:\Users\junse\OneDrive\Desktop\Web developer\Wellness-buddy yr2 work-study\project\Wellness-Budy\functions\actions\mailHelper.js changed, reloading triggers {"metadata":{"emulator":{"name":"functions"},"message":"File C:\\Users\\junse\\OneDrive\\Desktop\\Web developer\\Wellness-buddy yr2 work-study\\project\\Wellness-Budy\\functions\\actions\\mailHelper.js changed, reloading triggers"}}
[debug] [2022-12-12T22:34:44.642Z] Validating nodejs source
[warn] !  functions: package.json indicates an outdated version of firebase-functions. Please upgrade using npm install --save firebase-functions@latest in your functions directory. 
[debug] [2022-12-12T22:34:47.449Z] > [functions] package.json contents: {
  "name": "functions",
  "description": "Cloud Functions for Firebase",
  "type": "commonjs",
  "scripts": {
    "lint": "eslint .",
    "serve": "firebase emulators:start --only functions",
    "shell": "firebase functions:shell",
    "start": "npm run shell",
    "deploy": "firebase deploy --only functions",
    "logs": "firebase functions:log",
    "debug": "firebase serve --only functions"
  },
  "engines": {
    "node": "16"
  },
  "main": "index.js",
  "dependencies": {
    "cors": "^2.8.5",
    "firebase-admin": "^10.0.2",
    "firebase-functions": "^4.1.0",
    "nodemailer": "^6.8.0",
    "nodemon": "^2.0.20"
  },
  "devDependencies": {
    "eslint": "^8.9.0",
    "eslint-config-google": "^0.14.0",
    "firebase-functions-test": "^0.2.0"
  },
  "private": true
}
[debug] [2022-12-12T22:34:47.449Z] Building nodejs source
[debug] [2022-12-12T22:34:47.449Z] Analyzing nodejs backend spec
[debug] [2022-12-12T22:34:47.450Z] Could not find functions.yaml. Must use http discovery
[debug] [2022-12-12T22:34:47.744Z] Serving at port 9006

[debug] [2022-12-12T22:34:48.113Z] Got response from /__/functions.yaml {"endpoints":{"sendMail":{"platform":"gcfv1","availableMemoryMb":null,"timeoutSeconds":null,"minInstances":null,"maxInstances":null,"ingressSettings":null,"serviceAccountEmail":null,"vpc":null,"httpsTrigger":{},"entryPoint":"sendMail"},"sendCheckIn":{"platform":"gcfv1","availableMemoryMb":null,"timeoutSeconds":null,"minInstances":null,"maxInstances":null,"ingressSettings":null,"serviceAccountEmail":null,"vpc":null,"scheduleTrigger":{"schedule":"every day 06:00","retryConfig":{"retryCount":null,"maxDoublings":null,"maxRetryDuration":null,"maxBackoffDuration":null,"minBackoffDuration":null},"timeZone":"America/Toronto"},"labels":{},"entryPoint":"sendCheckIn"},"resetCheckin":{"platform":"gcfv1","availableMemoryMb":null,"timeoutSeconds":null,"minInstances":null,"maxInstances":null,"ingressSettings":null,"serviceAccountEmail":null,"vpc":null,"scheduleTrigger":{"schedule":"every day 06:00","retryConfig":{"retryCount":null,"maxDoublings":null,"maxRetryDuration":null,"maxBackoffDuration":null,"minBackoffDuration":null},"timeZone":"America/Toronto"},"labels":{},"entryPoint":"resetCheckin"},"resetQuarterlyCheckin":{"platform":"gcfv1","availableMemoryMb":null,"timeoutSeconds":null,"minInstances":null,"maxInstances":null,"ingressSettings":null,"serviceAccountEmail":null,"vpc":null,"scheduleTrigger":{"schedule":"0 6 1 1,4,7,10 *","retryConfig":{"retryCount":null,"maxDoublings":null,"maxRetryDuration":null,"maxBackoffDuration":null,"minBackoffDuration":null},"timeZone":"America/Toronto"},"labels":{},"entryPoint":"resetQuarterlyCheckin"}},"specVersion":"v1alpha1","requiredAPIs":[{"api":"cloudscheduler.googleapis.com","reason":"Needed for scheduled functions."}]}
[debug] [2022-12-12T22:34:48.117Z] shutdown requested via /__/quitquitquit

[info] +  functions: Loaded functions definitions from source: sendMail, sendCheckIn, resetCheckin, resetQuarterlyCheckin. {"metadata":{"emulator":{"name":"functions"},"message":"Loaded functions definitions from source: sendMail, sendCheckIn, resetCheckin, resetQuarterlyCheckin."}}
[debug] [2022-12-12T22:35:33.447Z] File C:\Users\junse\OneDrive\Desktop\Web developer\Wellness-buddy yr2 work-study\project\Wellness-Budy\functions\actions\mailHelper.js changed, reloading triggers {"metadata":{"emulator":{"name":"functions"},"message":"File C:\\Users\\junse\\OneDrive\\Desktop\\Web developer\\Wellness-buddy yr2 work-study\\project\\Wellness-Budy\\functions\\actions\\mailHelper.js changed, reloading triggers"}}
[debug] [2022-12-12T22:35:34.452Z] Validating nodejs source
[warn] !  functions: package.json indicates an outdated version of firebase-functions. Please upgrade using npm install --save firebase-functions@latest in your functions directory. 
[debug] [2022-12-12T22:35:37.217Z] > [functions] package.json contents: {
  "name": "functions",
  "description": "Cloud Functions for Firebase",
  "type": "commonjs",
  "scripts": {
    "lint": "eslint .",
    "serve": "firebase emulators:start --only functions",
    "shell": "firebase functions:shell",
    "start": "npm run shell",
    "deploy": "firebase deploy --only functions",
    "logs": "firebase functions:log",
    "debug": "firebase serve --only functions"
  },
  "engines": {
    "node": "16"
  },
  "main": "index.js",
  "dependencies": {
    "cors": "^2.8.5",
    "firebase-admin": "^10.0.2",
    "firebase-functions": "^4.1.0",
    "nodemailer": "^6.8.0",
    "nodemon": "^2.0.20"
  },
  "devDependencies": {
    "eslint": "^8.9.0",
    "eslint-config-google": "^0.14.0",
    "firebase-functions-test": "^0.2.0"
  },
  "private": true
}
[debug] [2022-12-12T22:35:37.217Z] Building nodejs source
[debug] [2022-12-12T22:35:37.217Z] Analyzing nodejs backend spec
[debug] [2022-12-12T22:35:37.218Z] Could not find functions.yaml. Must use http discovery
[debug] [2022-12-12T22:35:37.429Z] Serving at port 9005

[debug] [2022-12-12T22:35:37.621Z] Got response from /__/functions.yaml {"endpoints":{"sendMail":{"platform":"gcfv1","availableMemoryMb":null,"timeoutSeconds":null,"minInstances":null,"maxInstances":null,"ingressSettings":null,"serviceAccountEmail":null,"vpc":null,"httpsTrigger":{},"entryPoint":"sendMail"},"sendCheckIn":{"platform":"gcfv1","availableMemoryMb":null,"timeoutSeconds":null,"minInstances":null,"maxInstances":null,"ingressSettings":null,"serviceAccountEmail":null,"vpc":null,"scheduleTrigger":{"schedule":"every day 06:00","retryConfig":{"retryCount":null,"maxDoublings":null,"maxRetryDuration":null,"maxBackoffDuration":null,"minBackoffDuration":null},"timeZone":"America/Toronto"},"labels":{},"entryPoint":"sendCheckIn"},"resetCheckin":{"platform":"gcfv1","availableMemoryMb":null,"timeoutSeconds":null,"minInstances":null,"maxInstances":null,"ingressSettings":null,"serviceAccountEmail":null,"vpc":null,"scheduleTrigger":{"schedule":"every day 06:00","retryConfig":{"retryCount":null,"maxDoublings":null,"maxRetryDuration":null,"maxBackoffDuration":null,"minBackoffDuration":null},"timeZone":"America/Toronto"},"labels":{},"entryPoint":"resetCheckin"},"resetQuarterlyCheckin":{"platform":"gcfv1","availableMemoryMb":null,"timeoutSeconds":null,"minInstances":null,"maxInstances":null,"ingressSettings":null,"serviceAccountEmail":null,"vpc":null,"scheduleTrigger":{"schedule":"0 6 1 1,4,7,10 *","retryConfig":{"retryCount":null,"maxDoublings":null,"maxRetryDuration":null,"maxBackoffDuration":null,"minBackoffDuration":null},"timeZone":"America/Toronto"},"labels":{},"entryPoint":"resetQuarterlyCheckin"}},"specVersion":"v1alpha1","requiredAPIs":[{"api":"cloudscheduler.googleapis.com","reason":"Needed for scheduled functions."}]}
[debug] [2022-12-12T22:53:26.330Z] File C:\Users\junse\OneDrive\Desktop\Web developer\Wellness-buddy yr2 work-study\project\Wellness-Budy\functions\index.js changed, reloading triggers {"metadata":{"emulator":{"name":"functions"},"message":"File C:\\Users\\junse\\OneDrive\\Desktop\\Web developer\\Wellness-buddy yr2 work-study\\project\\Wellness-Budy\\functions\\index.js changed, reloading triggers"}}
[debug] [2022-12-12T22:53:27.333Z] Validating nodejs source
[warn] !  functions: package.json indicates an outdated version of firebase-functions. Please upgrade using npm install --save firebase-functions@latest in your functions directory. 
[debug] [2022-12-12T22:53:30.482Z] > [functions] package.json contents: {
  "name": "functions",
  "description": "Cloud Functions for Firebase",
  "type": "commonjs",
  "scripts": {
    "lint": "eslint .",
    "serve": "firebase emulators:start --only functions",
    "shell": "firebase functions:shell",
    "start": "npm run shell",
    "deploy": "firebase deploy --only functions",
    "logs": "firebase functions:log",
    "debug": "firebase serve --only functions"
  },
  "engines": {
    "node": "16"
  },
  "main": "index.js",
  "dependencies": {
    "cors": "^2.8.5",
    "firebase-admin": "^10.0.2",
    "firebase-functions": "^4.1.0",
    "nodemailer": "^6.8.0",
    "nodemon": "^2.0.20"
  },
  "devDependencies": {
    "eslint": "^8.9.0",
    "eslint-config-google": "^0.14.0",
    "firebase-functions-test": "^0.2.0"
  },
  "private": true
}
[debug] [2022-12-12T22:53:30.483Z] Building nodejs source
[debug] [2022-12-12T22:53:30.483Z] Analyzing nodejs backend spec
[debug] [2022-12-12T22:53:30.483Z] Could not find functions.yaml. Must use http discovery
[debug] [2022-12-12T22:53:30.670Z] Serving at port 9005

[debug] [2022-12-12T22:53:30.770Z] Got response from /__/functions.yaml {"endpoints":{"sendMail":{"platform":"gcfv1","availableMemoryMb":null,"timeoutSeconds":null,"minInstances":null,"maxInstances":null,"ingressSettings":null,"serviceAccountEmail":null,"vpc":null,"httpsTrigger":{},"entryPoint":"sendMail"},"sendCheckIn":{"platform":"gcfv1","availableMemoryMb":null,"timeoutSeconds":null,"minInstances":null,"maxInstances":null,"ingressSettings":null,"serviceAccountEmail":null,"vpc":null,"scheduleTrigger":{"schedule":"every day 06:00","retryConfig":{"retryCount":null,"maxDoublings":null,"maxRetryDuration":null,"maxBackoffDuration":null,"minBackoffDuration":null},"timeZone":"America/Toronto"},"labels":{},"entryPoint":"sendCheckIn"},"resetCheckin":{"platform":"gcfv1","availableMemoryMb":null,"timeoutSeconds":null,"minInstances":null,"maxInstances":null,"ingressSettings":null,"serviceAccountEmail":null,"vpc":null,"scheduleTrigger":{"schedule":"every day 06:00","retryConfig":{"retryCount":null,"maxDoublings":null,"maxRetryDuration":null,"maxBackoffDuration":null,"minBackoffDuration":null},"timeZone":"America/Toronto"},"labels":{},"entryPoint":"resetCheckin"},"resetQuarterlyCheckin":{"platform":"gcfv1","availableMemoryMb":null,"timeoutSeconds":null,"minInstances":null,"maxInstances":null,"ingressSettings":null,"serviceAccountEmail":null,"vpc":null,"scheduleTrigger":{"schedule":"0 6 1 1,4,7,10 *","retryConfig":{"retryCount":null,"maxDoublings":null,"maxRetryDuration":null,"maxBackoffDuration":null,"minBackoffDuration":null},"timeZone":"America/Toronto"},"labels":{},"entryPoint":"resetQuarterlyCheckin"}},"specVersion":"v1alpha1","requiredAPIs":[{"api":"cloudscheduler.googleapis.com","reason":"Needed for scheduled functions."}]}
